Global search done
Min: -3.26001810438
X:   -0.341
Y:   -0.743
time taken: 110.6
current dx: 0.00001
xMinD: -0.341
yMinD: -0.743
current minValD: -3.26001810438
c
current dx: 0.00001
xMinD: -0.34099
yMinD: -0.74299
current minValD: -3.260053527309637452073012654455264590255361735925460540462694637355158053116020610039136887546829274
c
current dx: 0.00001
xMinD: -0.34098
yMinD: -0.74298
current minValD: -3.260087875779317601131777323381727188836322531140269124421274448775340077381946883987144300683098962
c
current dx: 0.00001
xMinD: -0.34097
yMinD: -0.74297
current minValD: -3.260121149877408174375362263795365617511245640348872705121570374748099477949754470382641974616622844
c
current dx: 0.00001
xMinD: -0.34096
yMinD: -0.74296
current minValD: -3.260153349696711547683615995414105566053758641524783676262860900734767284787593373872243978187644230
c
current dx: 0.00001
xMinD: -0.34095
yMinD: -0.74295
current minValD: -3.260184475329856351920409578430477820978193132006547153692550400526045579597413887101616507295582420
c
current dx: 0.00001
xMinD: -0.34094
yMinD: -0.74294
current minValD: -3.260214526869296927504078644950759634005650189106185797561868806728022999432399883529568174448323366
c
current dx: 0.00001
xMinD: -0.34093
yMinD: -0.74293
current minValD: -3.260243504407312781012142672826844680172218275080359137100290320619215403788392230270229555874129844
c
current dx: 0.00001
xMinD: -0.34092
yMinD: -0.74292
current minValD: -3.260271408036008043821468095380169074084493974814798010243113241065021224565352439397210735480498354
e
current dx: 0.00001
xMinD: -0.34091
yMinD: -0.74292
current minValD: -3.260298569650897822814413287515443901756776701813775092577397931629223837442604004468335525225113579
e
current dx: 0.00001
xMinD: -0.34090
yMinD: -0.74292
current minValD: -3.260325020959885587757357706802144992762621262515677255661727754738232569235877124668384061860458136
h
current dx: 0.00001
xMinD: -0.34089
yMinD: -0.74293
current minValD: -3.260350769723052630654139599961700422434563310689017874303184937033350440135296772263446532752150585
e
current dx: 0.00001
xMinD: -0.34088
yMinD: -0.74293
current minValD: -3.260375810239105505117723856994030651463440642206549670982336336762978508437842955662523047772015052
e
current dx: 0.00001
xMinD: -0.34087
yMinD: -0.74293
current minValD: -3.260400140392158146188605395845775922695789627467412933999023962868105760347967231009460694563872864
e
current dx: 0.00001
xMinD: -0.34086
yMinD: -0.74293
current minValD: -3.260423760163684813422167904404693805962828002047439137191626826906302641700715723562127687561313185
e
current dx: 0.00001
xMinD: -0.34085
yMinD: -0.74293
current minValD: -3.260446669535387207434812515620879367648631389956399794928329568208054078619022038319224326479729489
e
current dx: 0.00001
xMinD: -0.34084
yMinD: -0.74293
current minValD: -3.260468868489194492173006239915828959302304003291308332676731344742856488323145412806254097785643310
e
current dx: 0.00001
xMinD: -0.34083
yMinD: -0.74293
current minValD: -3.260490357007263316982022370958725248768699499394965426226547924082316328579966703568390536337604067
e
current dx: 0.00001
xMinD: -0.34082
yMinD: -0.74293
current minValD: -3.260511135071977838474339900370314868763535739607253515426781624925149986306124382932574506968558686
e
current dx: 0.00001
xMinD: -0.34081
yMinD: -0.74293
current minValD: -3.260531202665949742197669347701999709781056980085562018172960840071878343915369283872765492630563348
e
current dx: 0.00001
xMinD: -0.34080
yMinD: -0.74293
current minValD: -3.260550559772018264102572782813014241779838675495058967307783089361430509516831771329189404873435092
e
current dx: 0.00001
xMinD: -0.34079
yMinD: -0.74293
current minValD: -3.260569206373250211809646188532315871857400658135600654640552633386231240041186876718739894657128074
e
current dx: 0.00001
xMinD: -0.34078
yMinD: -0.74293
current minValD: -3.260587142452939985676232682244574944714803024120683852811977480001937825855054360489613728319861084
e
current dx: 0.00001
xMinD: -0.34077
yMinD: -0.74293
current minValD: -3.260604367994609599662635485781917429431465763818322984887722225908259339945624695863796580287971089
e
current dx: 0.00001
xMinD: -0.34076
yMinD: -0.74293
current minValD: -3.260620882982008701997799903735348615587510343263364994673228795306642917381592798104354876525736926
e
current dx: 0.00001
xMinD: -0.34075
yMinD: -0.74293
current minValD: -3.260636687399114595644433941022572411803696322368018093595471595583776672994097401983403393179760866
e
current dx: 0.00001
xMinD: -0.34074
yMinD: -0.74293
current minValD: -3.260651781230132258563537561262720386766484913891297579250597822084754460996561471070130498227888400
e
current dx: 0.00001
xMinD: -0.34073
yMinD: -0.74293
current minValD: -3.260666164459494363778310958213819938631994410897688755535853718077384900130448856801622166425035950
e
current dx: 0.00001
xMinD: -0.34072
yMinD: -0.74293
current minValD: -3.260679837071861299237412583226164477321639642306264957905959865102922996045743357849628004655748376
e
current dx: 0.00001
xMinD: -0.34071
yMinD: -0.74293
current minValD: -3.260692799052121187477538042354602938383724788936075364747441928578907202000350158832972581043514818
e
current dx: 0.00001
xMinD: -0.34070
yMinD: -0.74293
current minValD: -3.260705050385389905085291347455644125021063404648300916938942860552125521570494723986353367985078096
e
current dx: 0.00001
xMinD: -0.34069
yMinD: -0.74293
current minValD: -3.260716591057011101958320376271676226956375917872274697999513017121477485205110487001497681869095042
e
current dx: 0.00001
xMinD: -0.34068
yMinD: -0.74293
current minValD: -3.260727421052556220365688767175036440254259725858044770602987942765831562037626834922232874937718726
e
current dx: 0.00001
xMinD: -0.34067
yMinD: -0.74293
current minValD: -3.260737540357824513807456844909633075807492203115247068602462156432796042746194932005792607422808532
e
current dx: 0.00001
xMinD: -0.34066
yMinD: -0.74293
current minValD: -3.260746948958843065673444544327826172919822002530234971869190321428505709119483588702355054296609513
e
current dx: 0.00001
xMinD: -0.34065
yMinD: -0.74293
current minValD: -3.260755646841866807701149669775815814188376031392263996944626602392427405054986433605692856415806474
e
current dx: 0.00001
xMinD: -0.34064
yMinD: -0.74293
current minValD: -3.260763633993378538232795198432373560226580961936773468177469713115616512155096590476291535029103847
e
current dx: 0.00001
xMinD: -0.34063
yMinD: -0.74293
current minValD: -3.260770910400088940271479706553885281494542146727435391200725715090603340577338834148380349796030728
e
current dx: 0.00001
xMinD: -0.34062
yMinD: -0.74293
current minValD: -3.260777476048936599336405368223856852433754951903855717921720920279725610774871452860108300001323578
e
current dx: 0.00001
xMinD: -0.34061
yMinD: -0.74293
current minValD: -3.260783330927088021117158346847771478740190438806464879854644859105966130693360967324822064381220618
e
current dx: 0.00001
xMinD: -0.34060
yMinD: -0.74293
current minValD: -3.260788475021937648927016770274982732839541300670195780385871432579720528114256815938963350887248950
e
current dx: 0.00001
xMinD: -0.34059
yMinD: -0.74293
current minValD: -3.260792908321107880955261851068684645412993198201812437156073804857756931845058405494793645008938428
e
current dx: 0.00001
xMinD: -0.34058
yMinD: -0.74293
current minValD: -3.260796630812449087318468084083423497896030797991404420991061602305165716561761515337019763398347881
e
current dx: 0.00001
xMinD: -0.34057
yMinD: -0.74293
current minValD: -3.260799642484039626910748824147609420439868408426459507182006027425501085941340560670545219130890708
e
current dx: 0.00001
xMinD: -0.34056
yMinD: -0.74293
current minValD: -3.260801943324185864052933917286553739253890287883356984402959970008494195439048756915808423063161854
e
current dx: 0.00001
xMinD: -0.34055
yMinD: -0.74293
current minValD: -3.260803533321422184940656429560204529769519077267332443341600357597199100637141541909682545348469540
h
current dx: 0.00001
xMinD: -0.34054
yMinD: -0.74294
current minValD: -3.260804421937006130097973922706955212018046052839914117697232547638154679615325652688515760592520119
e
current dx: 0.00001
xMinD: -0.34053
yMinD: -0.74294
current minValD: -3.260804600085814098959027828053405986111454776917943924264168437437945794574059391755207503693355228
newMin=minValD
current dx: 0.000001
xMinD: -0.34053
yMinD: -0.74294
current minValD: -3.260804600085814098959027828053405986111454776917943924264168437437945794574059391755207503693355228
a
current dx: 0.000001
xMinD: -0.340531
yMinD: -0.742939
current minValD: -3.260804627902402248305568559958727513085349402074172343798155131484950134491997459225837584528613349
a
current dx: 0.000001
xMinD: -0.340532
yMinD: -0.742938
current minValD: -3.260804645367839078803138382115192130865999573455394314556874711283513368100605318187773819363502197
a
current dx: 0.000001
xMinD: -0.340533
yMinD: -0.742937
current minValD: -3.260804652482246494390971113977773757252208523774431574354470167656164653675488600436155329853316780
b
current dx: 0.000001
xMinD: -0.340533
yMinD: -0.742936
current minValD: -3.260804656002762198149290934496262062666076483149828284760576010175066869758516581588091411640584197
b
current dx: 0.000001
xMinD: -0.340533
yMinD: -0.742935
current minValD: -3.260804656083792560915366063492174323392853328924905721298157789926127418734679389709201067432300850
newMin=minValD
current dx: 1E-7
xMinD: -0.340533
yMinD: -0.742935
current minValD: -3.260804656083792560915366063492174323392853328924905721298157789926127418734679389709201067432300850
h
current dx: 1E-7
xMinD: -0.3405329
yMinD: -0.7429351
current minValD: -3.260804656506301127139285206220544090177303604220648285738582969152394606766933646080062766522818478
h
current dx: 1E-7
xMinD: -0.3405328
yMinD: -0.7429352
current minValD: -3.260804656825302715113785959895432463355515506517397967140612943676652645086246552727406509389220467
h
current dx: 1E-7
xMinD: -0.3405327
yMinD: -0.7429353
current minValD: -3.260804657040797203039596353837646796662454150306086299307987320186646609570770086676841302977252970
h
current dx: 1E-7
xMinD: -0.3405326
yMinD: -0.7429354
current minValD: -3.260804657152784469115680171147392549815833251668497164987076163913972957038997168585935525147999088
g
current dx: 1E-7
xMinD: -0.3405326
yMinD: -0.7429355
current minValD: -3.260804657165827365374860127886741735432133415196506301321657020211210222984598526984115910946727503
newMin=minValD
current dx: 1E-8
xMinD: -0.3405326
yMinD: -0.7429355
current minValD: -3.260804657165827365374860127886741735432133415196506301321657020211210222984598526984115910946727503
c
current dx: 1E-8
xMinD: -0.34053259
yMinD: -0.74293549
current minValD: -3.260804657168803578931206371162829199831963599388108544465986710565981986184549522445848236985946817
e
current dx: 1E-8
xMinD: -0.34053258
yMinD: -0.74293549
current minValD: -3.260804657170825467293756464175209754280810775199286444895525690400966065696740151211929013937727278
e
current dx: 1E-8
xMinD: -0.34053257
yMinD: -0.74293549
current minValD: -3.260804657172136482370653175909210866604610011248337159268549219226855222499403703629147394565879972
e
current dx: 1E-8
xMinD: -0.34053256
yMinD: -0.74293549
current minValD: -3.260804657172736624151170308064490999794813592730994624417548551630961507316385856396984421140115158
newMin=minValD
current dx: 1E-9
xMinD: -0.34053256
yMinD: -0.74293549
current minValD: -3.260804657172736624151170308064490999794813592730994624417548551630961507316385856396984421140115158
c
current dx: 1E-9
xMinD: -0.340532559
yMinD: -0.742935489
current minValD: -3.260804657172758921583623861924324411937183326975613672763455494386757546618049412734835796521619413
e
current dx: 1E-9
xMinD: -0.340532558
yMinD: -0.742935489
current minValD: -3.260804657172772630288431041658519250307740908747675827083569845337752952467005220619594177539436701
e
current dx: 1E-9
xMinD: -0.340532557
yMinD: -0.742935489
current minValD: -3.260804657172779230260145874240372687256975859274021758762312310521895266446490571288287527518707560
newMin=minValD
current dx: 1E-10
xMinD: -0.340532557
yMinD: -0.742935489
current minValD: -3.260804657172779230260145874240372687256975859274021758762312310521895266446490571288287527518707560
h
current dx: 1E-10
xMinD: -0.3405325569
yMinD: -0.7429354891
current minValD: -3.260804657172779536651443851677504128875020020604132179278952664619654059480026248731057925326599098
h
current dx: 1E-10
xMinD: -0.3405325568
yMinD: -0.7429354892
current minValD: -3.260804657172779739535294656265684237580566372588388153811895270084578732724919044040793570173550806
e
current dx: 1E-10
xMinD: -0.3405325567
yMinD: -0.7429354892
current minValD: -3.260804657172779868351652525426865960743391227735960668219733169834211622627677122414870945717906528
e
current dx: 1E-10
xMinD: -0.3405325566
yMinD: -0.7429354892
current minValD: -3.260804657172779926080679331360759899924431474601571678561642814215903783531174580469233988681798482
newMin=minValD
current dx: 1E-11
xMinD: -0.3405325566
yMinD: -0.7429354892
current minValD: -3.260804657172779926080679331360759899924431474601571678561642814215903783531174580469233988681798482
c
current dx: 1E-11
xMinD: -0.34053255659
yMinD: -0.74293548919
current minValD: -3.260804657172779928887509256945997794661382158046791195163784598241725923107644390675658871689047592
c
current dx: 1E-11
xMinD: -0.34053255658
yMinD: -0.74293548918
current minValD: -3.260804657172779930619781330039958169617383173702459597435903574447966993407299705804176052077479899
c
current dx: 1E-11
xMinD: -0.34053255657
yMinD: -0.74293548917
current minValD: -3.260804657172779931277495550743956970849330977127939867465767591965391122253575862063041705511525550
newMin=minValD
current dx: 1E-12
xMinD: -0.34053255657
yMinD: -0.74293548917
current minValD: -3.260804657172779931277495550743956970849330977127939867465767591965391122253575862063041705511525550
c
current dx: 1E-12
xMinD: -0.340532556569
yMinD: -0.742935489169
current minValD: -3.260804657172779931284166290936809628335676895219306030639079931298967946943377466911949293089579308
b
current dx: 1E-12
xMinD: -0.340532556569
yMinD: -0.742935489168
current minValD: -3.260804657172779931285321603141723381233042959669560666383743048928740277602575161300539135271809462
newMin=minValD
current dx: 1E-13
xMinD: -0.340532556569
yMinD: -0.742935489168
current minValD: -3.260804657172779931285321603141723381233042959669560666383743048928740277602575161300539135271809462
f
current dx: 1E-13
xMinD: -0.3405325565691
yMinD: -0.7429354891681
current minValD: -3.260804657172779931285491893852610257268983067578888226708058691767127186493222755288142852275434342
f
current dx: 1E-13
xMinD: -0.3405325565692
yMinD: -0.7429354891682
current minValD: -3.260804657172779931285554728778270296196872580556445178097195998461113573513779785875758673021360333
newMin=minValD
current dx: 1E-14
xMinD: -0.3405325565692
yMinD: -0.7429354891682
current minValD: -3.260804657172779931285554728778270296196872580556445178097195998461113573513779785875758673021360333
a
current dx: 1E-14
xMinD: -0.34053255656921
yMinD: -0.74293548916819
current minValD: -3.260804657172779931285557986451123747725075414953897487343524179003827428726740334722252519662335963
a
current dx: 1E-14
xMinD: -0.34053255656922
yMinD: -0.74293548916818
current minValD: -3.260804657172779931285560209049504354300708580862380495418088168157947302725946140013215351760688595
a
current dx: 1E-14
xMinD: -0.34053255656923
yMinD: -0.74293548916817
current minValD: -3.260804657172779931285561396573412116045578376522149083039835054336962289744123918493938994645670483
b
current dx: 1E-14
xMinD: -0.34053255656923
yMinD: -0.74293548916816
current minValD: -3.260804657172779931285561654639358044550112953442175132872882475873990983981043066845245081911275656
newMin=minValD
current dx: 1E-15
xMinD: -0.34053255656923
yMinD: -0.74293548916816
current minValD: -3.260804657172779931285561654639358044550112953442175132872882475873990983981043066845245081911275656
a
current dx: 1E-15
xMinD: -0.340532556569231
yMinD: -0.742935489168159
current minValD: -3.260804657172779931285561683055452121393453674184540449627875823700394979433821492946387961631054944
a
current dx: 1E-15
xMinD: -0.340532556569232
yMinD: -0.742935489168158
current minValD: -3.260804657172779931285561701120801469790935833702692906429612171923258658554575715408527889713543280
a
current dx: 1E-15
xMinD: -0.340532556569233
yMinD: -0.742935489168157
current minValD: -3.260804657172779931285561708835406089742681238294872062694710786894848917367236466113647334809572366
d
current dx: 1E-15
xMinD: -0.340532556569234
yMinD: -0.742935489168157
current minValD: -3.260804657172779931285561709232979995858383845490770571563350765792876125395528174540147881507071443
newMin=minValD
current dx: 1E-16
xMinD: -0.340532556569234
yMinD: -0.742935489168157
current minValD: -3.260804657172779931285561709232979995858383845490770571563350765792876125395528174540147881507071443
h
current dx: 1E-16
xMinD: -0.3405325565692339
yMinD: -0.7429354891681571
current minValD: -3.260804657172779931285561709628305512559206744597864214645587714987887414908636518954295146701290398
h
current dx: 1E-16
xMinD: -0.3405325565692338
yMinD: -0.7429354891681572
current minValD: -3.260804657172779931285561709920123581975573481272167045499878152013322364209725663137690447066372168
h
current dx: 1E-16
xMinD: -0.3405325565692337
yMinD: -0.7429354891681573
current minValD: -3.260804657172779931285561710108434204107483933707380824567822232261079438084025552264061927099251770
h
current dx: 1E-16
xMinD: -0.3405325565692336
yMinD: -0.7429354891681574
current minValD: -3.260804657172779931285561710193237378954937980097207312289256031507393171291490481219374841024698847
newMin=minValD
current dx: 1E-17
xMinD: -0.3405325565692336
yMinD: -0.7429354891681574
current minValD: -3.260804657172779931285561710193237378954937980097207312289256031507393171291490481219374841024698847
c
current dx: 1E-17
xMinD: -0.34053255656923359
yMinD: -0.74293548916815739
current minValD: -3.260804657172779931285561710196450810589893504094575533480329316511465921489588893329885303224813662
e
current dx: 1E-17
xMinD: -0.34053255656923358
yMinD: -0.74293548916815739
current minValD: -3.260804657172779931285561710198902457619685667657099850592633099458880010178241918381577861434809833
e
current dx: 1E-17
xMinD: -0.34053255656923357
yMinD: -0.74293548916815739
current minValD: -3.260804657172779931285561710200643231338705811282729694544649181957071488776968063580116802415704521
e
current dx: 1E-17
xMinD: -0.34053255656923356
yMinD: -0.74293548916815739
current minValD: -3.260804657172779931285561710201673131746953934960739287416290827334604631757929660792162452588584662
e
current dx: 1E-17
xMinD: -0.34053255656923355
yMinD: -0.74293548916815739
current minValD: -3.260804657172779931285561710201992158844430038680402851287471527001753694218865835511663971813292044
newMin=minValD
current dx: 1E-18
xMinD: -0.34053255656923355
yMinD: -0.74293548916815739
current minValD: -3.260804657172779931285561710201992158844430038680402851287471527001753694218865835511663971813292044
g
current dx: 1E-18
xMinD: -0.34053255656923355
yMinD: -0.742935489168157391
current minValD: -3.260804657172779931285561710202007480565749254787297312736723185338424092098045729780819458634582846
g
current dx: 1E-18
xMinD: -0.34053255656923355
yMinD: -0.742935489168157392
current minValD: -3.260804657172779931285561710202019362858550623895133998473614327654579093020344352529508166242860328
g
current dx: 1E-18
xMinD: -0.34053255656923355
yMinD: -0.742935489168157393
current minValD: -3.260804657172779931285561710202027805722834146003801827977825478790304343059754117146595848425050453
g
current dx: 1E-18
xMinD: -0.34053255656923355
yMinD: -0.742935489168157394
current minValD: -3.260804657172779931285561710202032809158599821113189720729037163545256262825278864961144509739490422
g
current dx: 1E-18
xMinD: -0.34053255656923355
yMinD: -0.742935489168157395
current minValD: -3.260804657172779931285561710202034373165847649223186596206929906678662047460933812151676453820800552
newMin=minValD
current dx: 1E-19
xMinD: -0.34053255656923355
yMinD: -0.742935489168157395
current minValD: -3.260804657172779931285561710202034373165847649223186596206929906678662047460933812151676453820800552
d
current dx: 1E-19
xMinD: -0.3405325565692335501
yMinD: -0.742935489168157395
current minValD: -3.260804657172779931285561710202034652363536929298214500002371120404403120491691661329795486462110085
a
current dx: 1E-19
xMinD: -0.3405325565692335502
yMinD: -0.7429354891681573949
current minValD: -3.260804657172779931285561710202034860821622623690685761027285377174615504617500676808844085632419958
d
current dx: 1E-19
xMinD: -0.3405325565692335503
yMinD: -0.7429354891681573949
current minValD: -3.260804657172779931285561710202034998831734234969451960693959343220453817254604345863050942477212645
d
current dx: 1E-19
xMinD: -0.3405325565692335504
yMinD: -0.7429354891681573949
current minValD: -3.260804657172779931285561710202035065754514769046221277507447750948037512895054114872477574435986554
newMin=minValD
current dx: 1E-20
xMinD: -0.3405325565692335504
yMinD: -0.7429354891681573949
current minValD: -3.260804657172779931285561710202035065754514769046221277507447750948037512895054114872477574435986554
f
current dx: 1E-20
xMinD: -0.34053255656923355041
yMinD: -0.74293548916815739491
current minValD: -3.260804657172779931285561710202035069842671955109370387908817346891764417449592192214532309937753339
f
current dx: 1E-20
xMinD: -0.34053255656923355042
yMinD: -0.74293548916815739492
current minValD: -3.260804657172779931285561710202035072856271288903644938497503951843596372456589396457784466183641846
f
current dx: 1E-20
xMinD: -0.34053255656923355043
yMinD: -0.74293548916815739493
current minValD: -3.260804657172779931285561710202035074795312770429044929172191620065713369304301092420750413341587298
f
current dx: 1E-20
xMinD: -0.34053255656923355044
yMinD: -0.74293548916815739494
current minValD: -3.260804657172779931285561710202035075659796399685570359831564405820295399206154032000572013847779520
newMin=minValD
current dx: 1E-21
xMinD: -0.34053255656923355044
yMinD: -0.74293548916815739494
current minValD: -3.260804657172779931285561710202035075659796399685570359831564405820295399206154032000572013847779520
f
current dx: 1E-21
xMinD: -0.340532556569233550441
yMinD: -0.742935489168157394941
current minValD: -3.260804657172779931285561710202035075687144080736434802092758701949133108670817579755403963240561211
f
current dx: 1E-21
xMinD: -0.340532556569233550442
yMinD: -0.742935489168157394942
current minValD: -3.260804657172779931285561710202035075703746183264610498752685373850179448367495181120166186913146776
d
current dx: 1E-21
xMinD: -0.340532556569233550443
yMinD: -0.742935489168157394942
current minValD: -3.260804657172779931285561710202035075711270421301707246049236085894481850040560254367024235699468682
d
current dx: 1E-21
xMinD: -0.340532556569233550444
yMinD: -0.742935489168157394942
current minValD: -3.260804657172779931285561710202035075711685926231083793659028537202155733050010777595987235471986947
newMin=minValD
current dx: 1E-22
xMinD: -0.340532556569233550444
yMinD: -0.742935489168157394942
current minValD: -3.260804657172779931285561710202035075711685926231083793659028537202155733050010777595987235471986947
e
current dx: 1E-22
xMinD: -0.3405325565692335504439
yMinD: -0.742935489168157394942
current minValD: -3.260804657172779931285561710202035075711964268727993547883953108119865905632894564842620234624475136
e
current dx: 1E-22
xMinD: -0.3405325565692335504438
yMinD: -0.742935489168157394942
current minValD: -3.260804657172779931285561710202035075712171523893826100112010192962211073804731859805598210791536815
e
current dx: 1E-22
xMinD: -0.3405325565692335504437
yMinD: -0.742935489168157394942
current minValD: -3.260804657172779931285561710202035075712307691728581450343199781003413317479346023135734431597604087
e
current dx: 1E-22
xMinD: -0.3405325565692335504436
yMinD: -0.742935489168157394942
current minValD: -3.260804657172779931285561710202035075712372772232259598577521861517694716570560417764659263966652515
newMin=minValD
current dx: 1E-23
xMinD: -0.3405325565692335504436
yMinD: -0.742935489168157394942
current minValD: -3.260804657172779931285561710202035075712372772232259598577521861517694716570560417764659263966652515
e
current dx: 1E-23
xMinD: -0.34053255656923355044359
yMinD: -0.742935489168157394942
current minValD: -3.260804657172779931285561710202035075712375370479418167291126356242199760104277069489906770056849307
e
current dx: 1E-23
xMinD: -0.34053255656923355044358
yMinD: -0.742935489168157394942
current minValD: -3.260804657172779931285561710202035075712377257853265963984762175773452038071211780544851859779323670
e
current dx: 1E-23
xMinD: -0.34053255656923355044357
yMinD: -0.742935489168157394942
current minValD: -3.260804657172779931285561710202035075712378434353802988658429320100725772551278374296189511716415062
e
current dx: 1E-23
xMinD: -0.34053255656923355044356
yMinD: -0.742935489168157394942
current minValD: -3.260804657172779931285561710202035075712378899981029241312127789213295185624390674110842786190356786
newMin=minValD
current dx: 1E-24
xMinD: -0.34053255656923355044356
yMinD: -0.742935489168157394942
current minValD: -3.260804657172779931285561710202035075712378899981029241312127789213295185624390674110842786190356786
c
current dx: 1E-24
xMinD: -0.340532556569233550443559
yMinD: -0.742935489168157394941999
current minValD: -3.260804657172779931285561710202035075712378908903800946961613797948607610473335669016099433714148924
e
current dx: 1E-24
xMinD: -0.340532556569233550443558
yMinD: -0.742935489168157394941999
current minValD: -3.260804657172779931285561710202035075712378909161049923484912471533117475834182555371681771787476982
newMin=minValD
current dx: 1E-25
xMinD: -0.340532556569233550443558
yMinD: -0.742935489168157394941999
current minValD: -3.260804657172779931285561710202035075712378909161049923484912471533117475834182555371681771787476982
f
current dx: 1E-25
xMinD: -0.3405325565692335504435581
yMinD: -0.7429354891681573949419991
current minValD: -3.260804657172779931285561710202035075712378909473067942069054712339419442895684086065728409022765947
d
current dx: 1E-25
xMinD: -0.3405325565692335504435582
yMinD: -0.7429354891681573949419991
current minValD: -3.260804657172779931285561710202035075712378909695161618701324101922925333433365802864739536636201100
d
current dx: 1E-25
xMinD: -0.3405325565692335504435583
yMinD: -0.7429354891681573949419991
current minValD: -3.260804657172779931285561710202035075712378909846167964256391494638908489338917261711844240122072064
d
current dx: 1E-25
xMinD: -0.3405325565692335504435584
yMinD: -0.7429354891681573949419991
current minValD: -3.260804657172779931285561710202035075712378909926086978734256890487368921338116382693219152440392886
d
current dx: 1E-25
xMinD: -0.3405325565692335504435585
yMinD: -0.7429354891681573949419991
current minValD: -3.260804657172779931285561710202035075712378909934918662134920289468306640156741085895040906303259376
newMin=minValD
current dx: 1E-26
xMinD: -0.3405325565692335504435585
yMinD: -0.7429354891681573949419991
current minValD: -3.260804657172779931285561710202035075712378909934918662134920289468306640156741085895040906303259376
c
current dx: 1E-26
xMinD: -0.34053255656923355044355849
yMinD: -0.74293548916815739494199909
current minValD: -3.260804657172779931285561710202035075712378909937382136836839892493043367179764135999752876843771086
e
current dx: 1E-26
xMinD: -0.34053255656923355044355848
yMinD: -0.74293548916815739494199909
current minValD: -3.260804657172779931285561710202035075712378909938977154239619545164369164019892727424313156917357253
e
current dx: 1E-26
xMinD: -0.34053255656923355044355847
yMinD: -0.74293548916815739494199909
current minValD: -3.260804657172779931285561710202035075712378909939861298331627177867019733814181998588172466111312819
e
current dx: 1E-26
xMinD: -0.34053255656923355044355846
yMinD: -0.74293548916815739494199909
current minValD: -3.260804657172779931285561710202035075712378909940034569112862790600995076551906171571244628109575651
newMin=minValD
current dx: 1E-27
xMinD: -0.34053255656923355044355846
yMinD: -0.74293548916815739494199909
current minValD: -3.260804657172779931285561710202035075712378909940034569112862790600995076551906171571244628109575651
f
current dx: 1E-27
xMinD: -0.340532556569233550443558461
yMinD: -0.742935489168157394941999091
current minValD: -3.260804657172779931285561710202035075712378909940052799992711358840613177697880164151017096695906108
f
current dx: 1E-27
xMinD: -0.340532556569233550443558462
yMinD: -0.742935489168157394941999092
current minValD: -3.260804657172779931285561710202035075712378909940060285294037238334629925971797322169169537105772444
a
current dx: 1E-27
xMinD: -0.340532556569233550443558463
yMinD: -0.742935489168157394941999091
current minValD: -3.260804657172779931285561710202035075712378909940060600818213435945519748253467018122657618662041519
newMin=minValD
current dx: 1E-28
xMinD: -0.340532556569233550443558463
yMinD: -0.742935489168157394941999091
current minValD: -3.260804657172779931285561710202035075712378909940060600818213435945519748253467018122657618662041519
h
current dx: 1E-28
xMinD: -0.3405325565692335504435584629
yMinD: -0.7429354891681573949419990911
current minValD: -3.260804657172779931285561710202035075712378909940061035049308596238805128197690131145922822346459703
h
current dx: 1E-28
xMinD: -0.3405325565692335504435584628
yMinD: -0.7429354891681573949419990912
current minValD: -3.260804657172779931285561710202035075712378909940061365772956472075562872103604658992169456489111779
h
current dx: 1E-28
xMinD: -0.3405325565692335504435584627
yMinD: -0.7429354891681573949419990913
current minValD: -3.260804657172779931285561710202035075712378909940061592989157063455792979971210478344700417097716897
h
current dx: 1E-28
xMinD: -0.3405325565692335504435584626
yMinD: -0.7429354891681573949419990914
current minValD: -3.260804657172779931285561710202035075712378909940061716697910370379495451800507470633821586080393572
h
current dx: 1E-28
xMinD: -0.3405325565692335504435584625
yMinD: -0.7429354891681573949419990915
current minValD: -3.260804657172779931285561710202035075712378909940061736899216392846670287591495532433272759417435177
newMin=minValD
current dx: 1E-29
xMinD: -0.3405325565692335504435584625
yMinD: -0.7429354891681573949419990915
current minValD: -3.260804657172779931285561710202035075712378909940061736899216392846670287591495532433272759417435177
a
current dx: 1E-29
xMinD: -0.34053255656923355044355846251
yMinD: -0.74293548916815739494199909149
current minValD: -3.260804657172779931285561710202035075712378909940061739536920918400496547634120636952162039093344285
d
current dx: 1E-29
xMinD: -0.34053255656923355044355846252
yMinD: -0.74293548916815739494199909149
current minValD: -3.260804657172779931285561710202035075712378909940061741447401526079203967470129253695901759587484591
d
current dx: 1E-29
xMinD: -0.34053255656923355044355846253
yMinD: -0.74293548916815739494199909149
current minValD: -3.260804657172779931285561710202035075712378909940061742647008822985891418630910805827791531950531694
d
current dx: 1E-29
xMinD: -0.34053255656923355044355846254
yMinD: -0.74293548916815739494199909149
current minValD: -3.260804657172779931285561710202035075712378909940061743135742809120558901116465293358557134633895591
newMin=minValD
current dx: 1E-30
xMinD: -0.34053255656923355044355846254
yMinD: -0.74293548916815739494199909149
current minValD: -3.260804657172779931285561710202035075712378909940061743135742809120558901116465293358557134633895591
f
current dx: 1E-30
xMinD: -0.340532556569233550443558462541
yMinD: -0.742935489168157394941999091491
current minValD: -3.260804657172779931285561710202035075712378909940061743155313496870574460078584000469520295285337838
f
current dx: 1E-30
xMinD: -0.340532556569233550443558462542
yMinD: -0.742935489168157394941999091492
current minValD: -3.260804657172779931285561710202035075712378909940061743164138606097901273439349830098725892293714024
g
current dx: 1E-30
xMinD: -0.340532556569233550443558462542
yMinD: -0.742935489168157394941999091493
current minValD: -3.260804657172779931285561710202035075712378909940061743166956361842656410229161157320950332980259205
newMin=minValD
current dx: 1E-31
xMinD: -0.340532556569233550443558462542
yMinD: -0.742935489168157394941999091493
current minValD: -3.260804657172779931285561710202035075712378909940061743166956361842656410229161157320950332980259205
h
current dx: 1E-31
xMinD: -0.3405325565692335504435584625419
yMinD: -0.7429354891681573949419990914931
current minValD: -3.260804657172779931285561710202035075712378909940061743167132798116223042588240180344769113065490178
h
current dx: 1E-31
xMinD: -0.3405325565692335504435584625418
yMinD: -0.7429354891681573949419990914932
current minValD: -3.260804657172779931285561710202035075712378909940061743167205726942505218419683180006848109507541439
g
current dx: 1E-31
xMinD: -0.3405325565692335504435584625418
yMinD: -0.7429354891681573949419990914933
current minValD: -3.260804657172779931285561710202035075712378909940061743167231519547113422600673612691133929643387955
newMin=minValD
current dx: 1E-32
xMinD: -0.3405325565692335504435584625418
yMinD: -0.7429354891681573949419990914933
current minValD: -3.260804657172779931285561710202035075712378909940061743167231519547113422600673612691133929643387955
f
current dx: 1E-32
xMinD: -0.34053255656923355044355846254181
yMinD: -0.74293548916815739494199909149331
current minValD: -3.260804657172779931285561710202035075712378909940061743167233924570396373469619693781042631665171154
f
current dx: 1E-32
xMinD: -0.34053255656923355044355846254182
yMinD: -0.74293548916815739494199909149332
current minValD: -3.260804657172779931285561710202035075712378909940061743167235255035827055464005641800719496447602582
d
current dx: 1E-32
xMinD: -0.34053255656923355044355846254183
yMinD: -0.74293548916815739494199909149332
current minValD: -3.260804657172779931285561710202035075712378909940061743167235540866867601647317036774785256927013610
newMin=minValD
current dx: 1E-33
xMinD: -0.34053255656923355044355846254183
yMinD: -0.74293548916815739494199909149332
current minValD: -3.260804657172779931285561710202035075712378909940061743167235540866867601647317036774785256927013610
h
current dx: 1E-33
xMinD: -0.340532556569233550443558462541829
yMinD: -0.742935489168157394941999091493321
current minValD: -3.260804657172779931285561710202035075712378909940061743167235556856853097335806854704076633163018622
g
current dx: 1E-33
xMinD: -0.340532556569233550443558462541829
yMinD: -0.742935489168157394941999091493322
current minValD: -3.260804657172779931285561710202035075712378909940061743167235566001215145054729738021463017068464874
g
current dx: 1E-33
xMinD: -0.340532556569233550443558462541829
yMinD: -0.742935489168157394941999091493323
current minValD: -3.260804657172779931285561710202035075712378909940061743167235571706148674926653132532591968023590026
g
current dx: 1E-33
xMinD: -0.340532556569233550443558462541829
yMinD: -0.742935489168157394941999091493324
current minValD: -3.260804657172779931285561710202035075712378909940061743167235573971653686951577034390588791278180384
newMin=minValD
current dx: 1E-34
xMinD: -0.340532556569233550443558462541829
yMinD: -0.742935489168157394941999091493324
current minValD: -3.260804657172779931285561710202035075712378909940061743167235573971653686951577034390588791278180384
g
current dx: 1E-34
xMinD: -0.340532556569233550443558462541829
yMinD: -0.7429354891681573949419990914933241
current minValD: -3.260804657172779931285561710202035075712378909940061743167235574009035619672484451085662125399292750
g
current dx: 1E-34
xMinD: -0.340532556569233550443558462541829
yMinD: -0.7429354891681573949419990914933242
current minValD: -3.260804657172779931285561710202035075712378909940061743167235574012023267214921868649954833802558113
newMin=minValD
current dx: 1E-35
xMinD: -0.340532556569233550443558462541829
yMinD: -0.7429354891681573949419990914933242
current minValD: -3.260804657172779931285561710202035075712378909940061743167235574012023267214921868649954833802558113
c
current dx: 1E-35
xMinD: -0.34053255656923355044355846254182899
yMinD: -0.74293548916815739494199909149332419
current minValD: -3.260804657172779931285561710202035075712378909940061743167235574015570976395644339618090448793231216
c
current dx: 1E-35
xMinD: -0.34053255656923355044355846254182898
yMinD: -0.74293548916815739494199909149332418
current minValD: -3.260804657172779931285561710202035075712378909940061743167235574018044127724097937035918939770787155
c
current dx: 1E-35
xMinD: -0.34053255656923355044355846254182897
yMinD: -0.74293548916815739494199909149332417
current minValD: -3.260804657172779931285561710202035075712378909940061743167235574019442721200282661872409071664655861
c
current dx: 1E-35
xMinD: -0.34053255656923355044355846254182896
yMinD: -0.74293548916815739494199909149332416
current minValD: -3.260804657172779931285561710202035075712378909940061743167235574019766756824198509901617363666224128
newMin=minValD
current dx: 1E-36
xMinD: -0.34053255656923355044355846254182896
yMinD: -0.74293548916815739494199909149332416
current minValD: -3.260804657172779931285561710202035075712378909940061743167235574019766756824198509901617363666224128
d
current dx: 1E-36
xMinD: -0.340532556569233550443558462541828961
yMinD: -0.74293548916815739494199909149332416
current minValD: -3.260804657172779931285561710202035075712378909940061743167235574019785096259678173630473399647796350
d
current dx: 1E-36
xMinD: -0.340532556569233550443558462541828962
yMinD: -0.74293548916815739494199909149332416
current minValD: -3.260804657172779931285561710202035075712378909940061743167235574019796326962050117159642683321899436
d
current dx: 1E-36
xMinD: -0.340532556569233550443558462541828963
yMinD: -0.74293548916815739494199909149332416
current minValD: -3.260804657172779931285561710202035075712378909940061743167235574019800448931314340489125214668790605
newMin=minValD
current dx: 1E-37
xMinD: -0.340532556569233550443558462541828963
yMinD: -0.74293548916815739494199909149332416
current minValD: -3.260804657172779931285561710202035075712378909940061743167235574019800448931314340489125214668790605
a
current dx: 1E-37
xMinD: -0.3405325565692335504435584625418289631
yMinD: -0.7429354891681573949419990914933241599
current minValD: -3.260804657172779931285561710202035075712378909940061743167235574019800540497577479573186828070095096
b
current dx: 1E-37
xMinD: -0.3405325565692335504435584625418289631
yMinD: -0.7429354891681573949419990914933241598
current minValD: -3.260804657172779931285561710202035075712378909940061743167235574019800576452949923001566120669942550
b
current dx: 1E-37
xMinD: -0.3405325565692335504435584625418289631
yMinD: -0.7429354891681573949419990914933241597
current minValD: -3.260804657172779931285561710202035075712378909940061743167235574019800578014037193818760863753457142
newMin=minValD
current dx: 1E-38
xMinD: -0.3405325565692335504435584625418289631
yMinD: -0.7429354891681573949419990914933241597
current minValD: -3.260804657172779931285561710202035075712378909940061743167235574019800578014037193818760863753457142
h
current dx: 1E-38
xMinD: -0.34053255656923355044355846254182896309
yMinD: -0.74293548916815739494199909149332415971
current minValD: -3.260804657172779931285561710202035075712378909940061743167235574019800580196686158562180948942541318
h
current dx: 1E-38
xMinD: -0.34053255656923355044355846254182896308
yMinD: -0.74293548916815739494199909149332415972
current minValD: -3.260804657172779931285561710202035075712378909940061743167235574019800581344260621601180450437793078
g
current dx: 1E-38
xMinD: -0.34053255656923355044355846254182896308
yMinD: -0.74293548916815739494199909149332415973
current minValD: -3.260804657172779931285561710202035075712378909940061743167235574019800582067750723734605298532880979
g
current dx: 1E-38
xMinD: -0.34053255656923355044355846254182896308
yMinD: -0.74293548916815739494199909149332415974
current minValD: -3.260804657172779931285561710202035075712378909940061743167235574019800582447297966127883687277683926
g
current dx: 1E-38
xMinD: -0.34053255656923355044355846254182896308
yMinD: -0.74293548916815739494199909149332415975
current minValD: -3.260804657172779931285561710202035075712378909940061743167235574019800582482902341138543250592928405
newMin=minValD
current dx: 1E-39
xMinD: -0.34053255656923355044355846254182896308
yMinD: -0.74293548916815739494199909149332415975
current minValD: -3.260804657172779931285561710202035075712378909940061743167235574019800582482902341138543250592928405
a
current dx: 1E-39
xMinD: -0.340532556569233550443558462541828963081
yMinD: -0.742935489168157394941999091493324159749
current minValD: -3.260804657172779931285561710202035075712378909940061743167235574019800582514944860949543037270539071
a
current dx: 1E-39
xMinD: -0.340532556569233550443558462541828963082
yMinD: -0.742935489168157394941999091493324159748
current minValD: -3.260804657172779931285561710202035075712378909940061743167235574019800582536636613735996903144371650
a
current dx: 1E-39
xMinD: -0.340532556569233550443558462541828963083
yMinD: -0.742935489168157394941999091493324159747
current minValD: -3.260804657172779931285561710202035075712378909940061743167235574019800582547977631490279793382207893
b
current dx: 1E-39
xMinD: -0.340532556569233550443558462541828963083
yMinD: -0.742935489168157394941999091493324159746
current minValD: -3.260804657172779931285561710202035075712378909940061743167235574019800582549872458043683595634843856
newMin=minValD
current dx: 1E-40
xMinD: -0.340532556569233550443558462541828963083
yMinD: -0.742935489168157394941999091493324159746
current minValD: -3.260804657172779931285561710202035075712378909940061743167235574019800582549872458043683595634843856
a
current dx: 1E-40
xMinD: -0.3405325565692335504435584625418289630831
yMinD: -0.7429354891681573949419990914933241597459
current minValD: -3.260804657172779931285561710202035075712378909940061743167235574019800582550103197291054114006678155
d
current dx: 1E-40
xMinD: -0.3405325565692335504435584625418289630832
yMinD: -0.7429354891681573949419990914933241597459
current minValD: -3.260804657172779931285561710202035075712378909940061743167235574019800582550262534214612864841803250
d
current dx: 1E-40
xMinD: -0.3405325565692335504435584625418289630833
yMinD: -0.7429354891681573949419990914933241597459
current minValD: -3.260804657172779931285561710202035075712378909940061743167235574019800582550350783807094413516846093
d
current dx: 1E-40
xMinD: -0.3405325565692335504435584625418289630834
yMinD: -0.7429354891681573949419990914933241597459
current minValD: -3.260804657172779931285561710202035075712378909940061743167235574019800582550367946068498760391753956
newMin=minValD
current dx: 1E-41
xMinD: -0.3405325565692335504435584625418289630834
yMinD: -0.7429354891681573949419990914933241597459
current minValD: -3.260804657172779931285561710202035075712378909940061743167235574019800582550367946068498760391753956
h
current dx: 1E-41
xMinD: -0.34053255656923355044355846254182896308339
yMinD: -0.74293548916815739494199909149332415974591
current minValD: -3.260804657172779931285561710202035075712378909940061743167235574019800582550370569096165449374334580
h
current dx: 1E-41
xMinD: -0.34053255656923355044355846254182896308338
yMinD: -0.74293548916815739494199909149332415974592
current minValD: -3.260804657172779931285561710202035075712378909940061743167235574019800582550372151741848312233187172
h
current dx: 1E-41
xMinD: -0.34053255656923355044355846254182896308337
yMinD: -0.74293548916815739494199909149332415974593
current minValD: -3.260804657172779931285561710202035075712378909940061743167235574019800582550372690453823659076542486
g
current dx: 1E-41
xMinD: -0.34053255656923355044355846254182896308337
yMinD: -0.74293548916815739494199909149332415974594
current minValD: -3.260804657172779931285561710202035075712378909940061743167235574019800582550372800237267991574578203
newMin=minValD
current dx: 1E-42
xMinD: -0.34053255656923355044355846254182896308337
yMinD: -0.74293548916815739494199909149332415974594
current minValD: -3.260804657172779931285561710202035075712378909940061743167235574019800582550372800237267991574578203
a
current dx: 1E-42
xMinD: -0.340532556569233550443558462541828963083371
yMinD: -0.742935489168157394941999091493324159745939
current minValD: -3.260804657172779931285561710202035075712378909940061743167235574019800582550372827226480432363131313
a
current dx: 1E-42
xMinD: -0.340532556569233550443558462541828963083372
yMinD: -0.742935489168157394941999091493324159745938
current minValD: -3.260804657172779931285561710202035075712378909940061743167235574019800582550372847294999259110422239
d
current dx: 1E-42
xMinD: -0.340532556569233550443558462541828963083373
yMinD: -0.742935489168157394941999091493324159745938
current minValD: -3.260804657172779931285561710202035075712378909940061743167235574019800582550372855220197333593190775
d
current dx: 1E-42
xMinD: -0.340532556569233550443558462541828963083374
yMinD: -0.742935489168157394941999091493324159745938
current minValD: -3.260804657172779931285561710202035075712378909940061743167235574019800582550372856036662300341537896
newMin=minValD
current dx: 1E-43
xMinD: -0.340532556569233550443558462541828963083374
yMinD: -0.742935489168157394941999091493324159745938
current minValD: -3.260804657172779931285561710202035075712378909940061743167235574019800582550372856036662300341537896
h
current dx: 1E-43
xMinD: -0.3405325565692335504435584625418289630833739
yMinD: -0.7429354891681573949419990914933241597459381
current minValD: -3.260804657172779931285561710202035075712378909940061743167235574019800582550372859951218720692784029
e
current dx: 1E-43
xMinD: -0.3405325565692335504435584625418289630833738
yMinD: -0.7429354891681573949419990914933241597459381
current minValD: -3.260804657172779931285561710202035075712378909940061743167235574019800582550372860119364967192749265
e
current dx: 1E-43
xMinD: -0.3405325565692335504435584625418289630833737
yMinD: -0.7429354891681573949419990914933241597459381
current minValD: -3.260804657172779931285561710202035075712378909940061743167235574019800582550372860216423882911606502
e
current dx: 1E-43
xMinD: -0.3405325565692335504435584625418289630833736
yMinD: -0.7429354891681573949419990914933241597459381
current minValD: -3.260804657172779931285561710202035075712378909940061743167235574019800582550372860242395467465430752
newMin=minValD
current dx: 1E-44
xMinD: -0.3405325565692335504435584625418289630833736
yMinD: -0.7429354891681573949419990914933241597459381
current minValD: -3.260804657172779931285561710202035075712378909940061743167235574019800582550372860242395467465430752
a
current dx: 1E-44
xMinD: -0.34053255656923355044355846254182896308337361
yMinD: -0.74293548916815739494199909149332415974593809
current minValD: -3.260804657172779931285561710202035075712378909940061743167235574019800582550372864902914688933572295
newMin=minValD
current dx: 1E-45
xMinD: -0.34053255656923355044355846254182896308337361
yMinD: -0.74293548916815739494199909149332415974593809
current minValD: -3.260804657172779931285561710202035075712378909940061743167235574019800582550372864902914688933572295
f
current dx: 1E-45
xMinD: -0.340532556569233550443558462541828963083373611
yMinD: -0.742935489168157394941999091493324159745938091
current minValD: -3.260804657172779931285561710202035075712378909940061743167235574019800582550372864947072301477745155
d
current dx: 1E-45
xMinD: -0.340532556569233550443558462541828963083373612
yMinD: -0.742935489168157394941999091493324159745938091
current minValD: -3.260804657172779931285561710202035075712378909940061743167235574019800582550372864947087160189262492
d
current dx: 1E-45
xMinD: -0.340532556569233550443558462541828963083373613
yMinD: -0.742935489168157394941999091493324159745938091
current minValD: -3.260804657172779931285561710202035075712378909940061743167235574019800582550372864947094910056660180
d
current dx: 1E-45
xMinD: -0.340532556569233550443558462541828963083373614
yMinD: -0.742935489168157394941999091493324159745938091
current minValD: -3.260804657172779931285561710202035075712378909940061743167235574019800582550372864947095551245866227
newMin=minValD
current dx: 1E-46
xMinD: -0.340532556569233550443558462541828963083373614
yMinD: -0.742935489168157394941999091493324159745938091
current minValD: -3.260804657172779931285561710202035075712378909940061743167235574019800582550372864947095551245866227
e
current dx: 1E-46
xMinD: -0.3405325565692335504435584625418289630833736139
yMinD: -0.742935489168157394941999091493324159745938091
current minValD: -3.260804657172779931285561710202035075712378909940061743167235574019800582550372864947095806978738176
e
current dx: 1E-46
xMinD: -0.3405325565692335504435584625418289630833736138
yMinD: -0.742935489168157394941999091493324159745938091
current minValD: -3.260804657172779931285561710202035075712378909940061743167235574019800582550372864947095991790193702
e
current dx: 1E-46
xMinD: -0.3405325565692335504435584625418289630833736137
yMinD: -0.742935489168157394941999091493324159745938091
current minValD: -3.260804657172779931285561710202035075712378909940061743167235574019800582550372864947096105320549877
e
current dx: 1E-46
xMinD: -0.3405325565692335504435584625418289630833736136
yMinD: -0.742935489168157394941999091493324159745938091
current minValD: -3.260804657172779931285561710202035075712378909940061743167235574019800582550372864947096148030536945
newMin=minValD
current dx: 1E-47
xMinD: -0.3405325565692335504435584625418289630833736136
yMinD: -0.742935489168157394941999091493324159745938091
current minValD: -3.260804657172779931285561710202035075712378909940061743167235574019800582550372864947096148030536945
e
current dx: 1E-47
xMinD: -0.34053255656923355044355846254182896308337361359
yMinD: -0.742935489168157394941999091493324159745938091
current minValD: -3.260804657172779931285561710202035075712378909940061743167235574019800582550372864947096148210680161
newMin=minValD
current dx: 1E-48
xMinD: -0.34053255656923355044355846254182896308337361359
yMinD: -0.742935489168157394941999091493324159745938091
current minValD: -3.260804657172779931285561710202035075712378909940061743167235574019800582550372864947096148210680161
d
current dx: 1E-48
xMinD: -0.340532556569233550443558462541828963083373613591
yMinD: -0.742935489168157394941999091493324159745938091
current minValD: -3.260804657172779931285561710202035075712378909940061743167235574019800582550372864947096148291370167
newMin=minValD
current dx: 1E-49
xMinD: -0.340532556569233550443558462541828963083373613591
yMinD: -0.742935489168157394941999091493324159745938091
current minValD: -3.260804657172779931285561710202035075712378909940061743167235574019800582550372864947096148291370167
newMin=minValD
current dx: 1E-50
xMinD: -0.340532556569233550443558462541828963083373613591
yMinD: -0.742935489168157394941999091493324159745938091
current minValD: -3.260804657172779931285561710202035075712378909940061743167235574019800582550372864947096148291370167
d
current dx: 1E-50
xMinD: -0.34053255656923355044355846254182896308337361359101
yMinD: -0.742935489168157394941999091493324159745938091
current minValD: -3.260804657172779931285561710202035075712378909940061743167235574019800582550372864947096148401657857
newMin=minValD
current dx: 1E-51
xMinD: -0.34053255656923355044355846254182896308337361359101
yMinD: -0.742935489168157394941999091493324159745938091
current minValD: -3.260804657172779931285561710202035075712378909940061743167235574019800582550372864947096148401657857
newMin=minValD
current dx: 1E-52
xMinD: -0.34053255656923355044355846254182896308337361359101
yMinD: -0.742935489168157394941999091493324159745938091
current minValD: -3.260804657172779931285561710202035075712378909940061743167235574019800582550372864947096148401657857
newMin=minValD
current dx: 1E-53
xMinD: -0.34053255656923355044355846254182896308337361359101
yMinD: -0.742935489168157394941999091493324159745938091
current minValD: -3.260804657172779931285561710202035075712378909940061743167235574019800582550372864947096148401657857
newMin=minValD
current dx: 1E-54
xMinD: -0.34053255656923355044355846254182896308337361359101
yMinD: -0.742935489168157394941999091493324159745938091
current minValD: -3.260804657172779931285561710202035075712378909940061743167235574019800582550372864947096148401657857
newMin=minValD
current dx: 1E-55
xMinD: -0.34053255656923355044355846254182896308337361359101
yMinD: -0.742935489168157394941999091493324159745938091
current minValD: -3.260804657172779931285561710202035075712378909940061743167235574019800582550372864947096148401657857
newMin=minValD
current dx: 1E-56
xMinD: -0.34053255656923355044355846254182896308337361359101
yMinD: -0.742935489168157394941999091493324159745938091
current minValD: -3.260804657172779931285561710202035075712378909940061743167235574019800582550372864947096148401657857
newMin=minValD
current dx: 1E-57
xMinD: -0.34053255656923355044355846254182896308337361359101
yMinD: -0.742935489168157394941999091493324159745938091
current minValD: -3.260804657172779931285561710202035075712378909940061743167235574019800582550372864947096148401657857
newMin=minValD
current dx: 1E-58
xMinD: -0.34053255656923355044355846254182896308337361359101
yMinD: -0.742935489168157394941999091493324159745938091
current minValD: -3.260804657172779931285561710202035075712378909940061743167235574019800582550372864947096148401657857
b
current dx: 1E-58
xMinD: -0.34053255656923355044355846254182896308337361359101
yMinD: -0.7429354891681573949419990914933241597459380909999999999999
current minValD: -3.260804657172779931285561710202035075712378909940061743167235574019800582550372865573714729738233126
newMin=minValD
current dx: 1E-59
xMinD: -0.34053255656923355044355846254182896308337361359101
yMinD: -0.7429354891681573949419990914933241597459380909999999999999
current minValD: -3.260804657172779931285561710202035075712378909940061743167235574019800582550372865573714729738233126
d
current dx: 1E-59
xMinD: -0.34053255656923355044355846254182896308337361359101000000001
yMinD: -0.7429354891681573949419990914933241597459380909999999999999
current minValD: -3.260804657172779931285561710202035075712378909940061743167235574019800582550372865573714729745004222
newMin=minValD
current dx: 1E-60
xMinD: -0.34053255656923355044355846254182896308337361359101000000001
yMinD: -0.7429354891681573949419990914933241597459380909999999999999
current minValD: -3.260804657172779931285561710202035075712378909940061743167235574019800582550372865573714729745004222
newMin=minValD
current dx: 1E-61
xMinD: -0.34053255656923355044355846254182896308337361359101000000001
yMinD: -0.7429354891681573949419990914933241597459380909999999999999
current minValD: -3.260804657172779931285561710202035075712378909940061743167235574019800582550372865573714729745004222
newMin=minValD
current dx: 1E-62
xMinD: -0.34053255656923355044355846254182896308337361359101000000001
yMinD: -0.7429354891681573949419990914933241597459380909999999999999
current minValD: -3.260804657172779931285561710202035075712378909940061743167235574019800582550372865573714729745004222
newMin=minValD
current dx: 1E-63
xMinD: -0.34053255656923355044355846254182896308337361359101000000001
yMinD: -0.7429354891681573949419990914933241597459380909999999999999
current minValD: -3.260804657172779931285561710202035075712378909940061743167235574019800582550372865573714729745004222
b
current dx: 1E-63
xMinD: -0.34053255656923355044355846254182896308337361359101000000001
yMinD: -0.742935489168157394941999091493324159745938090999999999999899999
current minValD: -3.260804657172779931285561710202035075712378909940061743167235574019800582550372870479619880172622511
newMin=minValD
current dx: 1E-64
xMinD: -0.34053255656923355044355846254182896308337361359101000000001
yMinD: -0.742935489168157394941999091493324159745938090999999999999899999
current minValD: -3.260804657172779931285561710202035075712378909940061743167235574019800582550372870479619880172622511
newMin=minValD
current dx: 1E-65
xMinD: -0.34053255656923355044355846254182896308337361359101000000001
yMinD: -0.742935489168157394941999091493324159745938090999999999999899999
current minValD: -3.260804657172779931285561710202035075712378909940061743167235574019800582550372870479619880172622511
newMin=minValD
current dx: 1E-66
xMinD: -0.34053255656923355044355846254182896308337361359101000000001
yMinD: -0.742935489168157394941999091493324159745938090999999999999899999
current minValD: -3.260804657172779931285561710202035075712378909940061743167235574019800582550372870479619880172622511
newMin=minValD
current dx: 1E-67
xMinD: -0.34053255656923355044355846254182896308337361359101000000001
yMinD: -0.742935489168157394941999091493324159745938090999999999999899999
current minValD: -3.260804657172779931285561710202035075712378909940061743167235574019800582550372870479619880172622511
newMin=minValD
current dx: 1E-68
xMinD: -0.34053255656923355044355846254182896308337361359101000000001
yMinD: -0.742935489168157394941999091493324159745938090999999999999899999
current minValD: -3.260804657172779931285561710202035075712378909940061743167235574019800582550372870479619880172622511
newMin=minValD
current dx: 1E-69
xMinD: -0.34053255656923355044355846254182896308337361359101000000001
yMinD: -0.742935489168157394941999091493324159745938090999999999999899999
current minValD: -3.260804657172779931285561710202035075712378909940061743167235574019800582550372870479619880172622511
newMin=minValD
current dx: 1E-70
xMinD: -0.34053255656923355044355846254182896308337361359101000000001
yMinD: -0.742935489168157394941999091493324159745938090999999999999899999
current minValD: -3.260804657172779931285561710202035075712378909940061743167235574019800582550372870479619880172622511
newMin=minValD
current dx: 1E-71
xMinD: -0.34053255656923355044355846254182896308337361359101000000001
yMinD: -0.742935489168157394941999091493324159745938090999999999999899999
current minValD: -3.260804657172779931285561710202035075712378909940061743167235574019800582550372870479619880172622511
newMin=minValD
current dx: 1E-72
xMinD: -0.34053255656923355044355846254182896308337361359101000000001
yMinD: -0.742935489168157394941999091493324159745938090999999999999899999
current minValD: -3.260804657172779931285561710202035075712378909940061743167235574019800582550372870479619880172622511
newMin=minValD
current dx: 1E-73
xMinD: -0.34053255656923355044355846254182896308337361359101000000001
yMinD: -0.742935489168157394941999091493324159745938090999999999999899999
current minValD: -3.260804657172779931285561710202035075712378909940061743167235574019800582550372870479619880172622511
newMin=minValD
current dx: 1E-74
xMinD: -0.34053255656923355044355846254182896308337361359101000000001
yMinD: -0.742935489168157394941999091493324159745938090999999999999899999
current minValD: -3.260804657172779931285561710202035075712378909940061743167235574019800582550372870479619880172622511
newMin=minValD
current dx: 1E-75
xMinD: -0.34053255656923355044355846254182896308337361359101000000001
yMinD: -0.742935489168157394941999091493324159745938090999999999999899999
current minValD: -3.260804657172779931285561710202035075712378909940061743167235574019800582550372870479619880172622511
newMin=minValD
current dx: 1E-76
xMinD: -0.34053255656923355044355846254182896308337361359101000000001
yMinD: -0.742935489168157394941999091493324159745938090999999999999899999
current minValD: -3.260804657172779931285561710202035075712378909940061743167235574019800582550372870479619880172622511
newMin=minValD
current dx: 1E-77
xMinD: -0.34053255656923355044355846254182896308337361359101000000001
yMinD: -0.742935489168157394941999091493324159745938090999999999999899999
current minValD: -3.260804657172779931285561710202035075712378909940061743167235574019800582550372870479619880172622511
newMin=minValD
current dx: 1E-78
xMinD: -0.34053255656923355044355846254182896308337361359101000000001
yMinD: -0.742935489168157394941999091493324159745938090999999999999899999
current minValD: -3.260804657172779931285561710202035075712378909940061743167235574019800582550372870479619880172622511
newMin=minValD
current dx: 1E-79
xMinD: -0.34053255656923355044355846254182896308337361359101000000001
yMinD: -0.742935489168157394941999091493324159745938090999999999999899999
current minValD: -3.260804657172779931285561710202035075712378909940061743167235574019800582550372870479619880172622511
newMin=minValD
current dx: 1E-80
xMinD: -0.34053255656923355044355846254182896308337361359101000000001
yMinD: -0.742935489168157394941999091493324159745938090999999999999899999
current minValD: -3.260804657172779931285561710202035075712378909940061743167235574019800582550372870479619880172622511
newMin=minValD
current dx: 1E-81
xMinD: -0.34053255656923355044355846254182896308337361359101000000001
yMinD: -0.742935489168157394941999091493324159745938090999999999999899999
current minValD: -3.260804657172779931285561710202035075712378909940061743167235574019800582550372870479619880172622511
newMin=minValD
current dx: 1E-82
xMinD: -0.34053255656923355044355846254182896308337361359101000000001
yMinD: -0.742935489168157394941999091493324159745938090999999999999899999
current minValD: -3.260804657172779931285561710202035075712378909940061743167235574019800582550372870479619880172622511
newMin=minValD
current dx: 1E-83
xMinD: -0.34053255656923355044355846254182896308337361359101000000001
yMinD: -0.742935489168157394941999091493324159745938090999999999999899999
current minValD: -3.260804657172779931285561710202035075712378909940061743167235574019800582550372870479619880172622511
newMin=minValD
current dx: 1E-84
xMinD: -0.34053255656923355044355846254182896308337361359101000000001
yMinD: -0.742935489168157394941999091493324159745938090999999999999899999
current minValD: -3.260804657172779931285561710202035075712378909940061743167235574019800582550372870479619880172622511
newMin=minValD
current dx: 1E-85
xMinD: -0.34053255656923355044355846254182896308337361359101000000001
yMinD: -0.742935489168157394941999091493324159745938090999999999999899999
current minValD: -3.260804657172779931285561710202035075712378909940061743167235574019800582550372870479619880172622511
newMin=minValD
current dx: 1E-86
xMinD: -0.34053255656923355044355846254182896308337361359101000000001
yMinD: -0.742935489168157394941999091493324159745938090999999999999899999
current minValD: -3.260804657172779931285561710202035075712378909940061743167235574019800582550372870479619880172622511
newMin=minValD
current dx: 1E-87
xMinD: -0.34053255656923355044355846254182896308337361359101000000001
yMinD: -0.742935489168157394941999091493324159745938090999999999999899999
current minValD: -3.260804657172779931285561710202035075712378909940061743167235574019800582550372870479619880172622511
newMin=minValD
current dx: 1E-88
xMinD: -0.34053255656923355044355846254182896308337361359101000000001
yMinD: -0.742935489168157394941999091493324159745938090999999999999899999
current minValD: -3.260804657172779931285561710202035075712378909940061743167235574019800582550372870479619880172622511
e
current dx: 1E-88
xMinD: -0.3405325565692335504435584625418289630833736135910100000000099999999999999999999999999999
yMinD: -0.742935489168157394941999091493324159745938090999999999999899999
current minValD: -3.260804657172779931285561710202035075712378909940061743167235574019800582550372870479619880224507100
newMin=minValD
current dx: 1E-89
xMinD: -0.3405325565692335504435584625418289630833736135910100000000099999999999999999999999999999
yMinD: -0.742935489168157394941999091493324159745938090999999999999899999
current minValD: -3.260804657172779931285561710202035075712378909940061743167235574019800582550372870479619880224507100
newMin=minValD
current dx: 1E-90
xMinD: -0.3405325565692335504435584625418289630833736135910100000000099999999999999999999999999999
yMinD: -0.742935489168157394941999091493324159745938090999999999999899999
current minValD: -3.260804657172779931285561710202035075712378909940061743167235574019800582550372870479619880224507100
newMin=minValD
current dx: 1E-91
xMinD: -0.3405325565692335504435584625418289630833736135910100000000099999999999999999999999999999
yMinD: -0.742935489168157394941999091493324159745938090999999999999899999
current minValD: -3.260804657172779931285561710202035075712378909940061743167235574019800582550372870479619880224507100
newMin=minValD
current dx: 1E-92
xMinD: -0.3405325565692335504435584625418289630833736135910100000000099999999999999999999999999999
yMinD: -0.742935489168157394941999091493324159745938090999999999999899999
current minValD: -3.260804657172779931285561710202035075712378909940061743167235574019800582550372870479619880224507100
newMin=minValD
current dx: 1E-93
xMinD: -0.3405325565692335504435584625418289630833736135910100000000099999999999999999999999999999
yMinD: -0.742935489168157394941999091493324159745938090999999999999899999
current minValD: -3.260804657172779931285561710202035075712378909940061743167235574019800582550372870479619880224507100
newMin=minValD
current dx: 1E-94
xMinD: -0.3405325565692335504435584625418289630833736135910100000000099999999999999999999999999999
yMinD: -0.742935489168157394941999091493324159745938090999999999999899999
current minValD: -3.260804657172779931285561710202035075712378909940061743167235574019800582550372870479619880224507100
newMin=minValD
current dx: 1E-95
xMinD: -0.3405325565692335504435584625418289630833736135910100000000099999999999999999999999999999
yMinD: -0.742935489168157394941999091493324159745938090999999999999899999
current minValD: -3.260804657172779931285561710202035075712378909940061743167235574019800582550372870479619880224507100
newMin=minValD
current dx: 1E-96
xMinD: -0.3405325565692335504435584625418289630833736135910100000000099999999999999999999999999999
yMinD: -0.742935489168157394941999091493324159745938090999999999999899999
current minValD: -3.260804657172779931285561710202035075712378909940061743167235574019800582550372870479619880224507100
newMin=minValD
current dx: 1E-97
xMinD: -0.3405325565692335504435584625418289630833736135910100000000099999999999999999999999999999
yMinD: -0.742935489168157394941999091493324159745938090999999999999899999
current minValD: -3.260804657172779931285561710202035075712378909940061743167235574019800582550372870479619880224507100
newMin=minValD
current dx: 1E-98
xMinD: -0.3405325565692335504435584625418289630833736135910100000000099999999999999999999999999999
yMinD: -0.742935489168157394941999091493324159745938090999999999999899999
current minValD: -3.260804657172779931285561710202035075712378909940061743167235574019800582550372870479619880224507100
newMin=minValD
current dx: 1E-99
xMinD: -0.3405325565692335504435584625418289630833736135910100000000099999999999999999999999999999
yMinD: -0.742935489168157394941999091493324159745938090999999999999899999
current minValD: -3.260804657172779931285561710202035075712378909940061743167235574019800582550372870479619880224507100
newMin=minValD
current dx: 1E-100
xMinD: -0.3405325565692335504435584625418289630833736135910100000000099999999999999999999999999999
yMinD: -0.742935489168157394941999091493324159745938090999999999999899999
current minValD: -3.260804657172779931285561710202035075712378909940061743167235574019800582550372870479619880224507100
e
current dx: 1E-100
xMinD: -0.3405325565692335504435584625418289630833736135910100000000099999999999999999999999999998999999999999
yMinD: -0.742935489168157394941999091493324159745938090999999999999899999
current minValD: -3.260804657172779931285561710202035075712378909940061743167235574019800582550372870479619880224516515
newMin=minValD
Local search done:
Min: -3.260804657172779931285561710202035075712378909940061743167235574019800582550372870479619880224516515
X:   -0.3405325565692335504435584625418289630833736135910100000000099999999999999999999999999998999999999999
Y:   -0.7429354891681573949419990914933241597459380909999999999998999990000000000000000000000000000000000000
Local search time: 303.88
Total search time: 414.48
