((unstack can3 can2)
 (put-down can3)
 (unstack can2 can1)
 (put-down can2)
 (unstack c b)
 (put-down c)
 (unstack b a)
 (put-down b)
 (remove-can-lid can3 blue)
 (remove-can-lid can2 green)
 (remove-can-lid can1 red)
 (pick-up brush1)
 (load-brush brush1 can2 green)
 (paint b green brush1)
 (wash-brush brush1 wb1 green)
 (load-brush brush1 can3 blue)
 (paint c blue brush1)
 (wash-brush brush1 wb1 blue)
 (load-brush brush1 can1 red)
 (paint a red brush1)
 (wash-brush brush1 wb1 red)
 (put-down brush1)
 (pick-up b)
 (stack b c)
 (replace-can-lid can2 green)
 (replace-can-lid can1 red)
 (replace-can-lid can3 blue)
 (pick-up a)
 (stack a b))
